  Skeleton.cpp
e:\bme\grafika\programs\skeleton\skeleton\skeleton.cpp(96): warning C4996: 'sprintf': This function or variable may be unsafe. Consider using sprintf_s instead. To disable deprecation, use _CRT_SECURE_NO_WARNINGS. See online help for details.
  c:\program files (x86)\windows kits\10\include\10.0.10240.0\ucrt\stdio.h(1769): note: see declaration of 'sprintf'
e:\bme\grafika\programs\skeleton\skeleton\skeleton.cpp(99): warning C4996: 'sprintf': This function or variable may be unsafe. Consider using sprintf_s instead. To disable deprecation, use _CRT_SECURE_NO_WARNINGS. See online help for details.
  c:\program files (x86)\windows kits\10\include\10.0.10240.0\ucrt\stdio.h(1769): note: see declaration of 'sprintf'
e:\bme\grafika\programs\skeleton\skeleton\skeleton.cpp(102): warning C4996: 'sprintf': This function or variable may be unsafe. Consider using sprintf_s instead. To disable deprecation, use _CRT_SECURE_NO_WARNINGS. See online help for details.
  c:\program files (x86)\windows kits\10\include\10.0.10240.0\ucrt\stdio.h(1769): note: see declaration of 'sprintf'
e:\bme\grafika\programs\skeleton\skeleton\skeleton.cpp(105): warning C4996: 'sprintf': This function or variable may be unsafe. Consider using sprintf_s instead. To disable deprecation, use _CRT_SECURE_NO_WARNINGS. See online help for details.
  c:\program files (x86)\windows kits\10\include\10.0.10240.0\ucrt\stdio.h(1769): note: see declaration of 'sprintf'
e:\bme\grafika\programs\skeleton\skeleton\skeleton.cpp(121): warning C4996: 'sprintf': This function or variable may be unsafe. Consider using sprintf_s instead. To disable deprecation, use _CRT_SECURE_NO_WARNINGS. See online help for details.
  c:\program files (x86)\windows kits\10\include\10.0.10240.0\ucrt\stdio.h(1769): note: see declaration of 'sprintf'
e:\bme\grafika\programs\skeleton\skeleton\skeleton.cpp(124): warning C4996: 'sprintf': This function or variable may be unsafe. Consider using sprintf_s instead. To disable deprecation, use _CRT_SECURE_NO_WARNINGS. See online help for details.
  c:\program files (x86)\windows kits\10\include\10.0.10240.0\ucrt\stdio.h(1769): note: see declaration of 'sprintf'
e:\bme\grafika\programs\skeleton\skeleton\skeleton.cpp(127): warning C4996: 'sprintf': This function or variable may be unsafe. Consider using sprintf_s instead. To disable deprecation, use _CRT_SECURE_NO_WARNINGS. See online help for details.
  c:\program files (x86)\windows kits\10\include\10.0.10240.0\ucrt\stdio.h(1769): note: see declaration of 'sprintf'
e:\bme\grafika\programs\skeleton\skeleton\skeleton.cpp(264): warning C4018: '<': signed/unsigned mismatch
e:\bme\grafika\programs\skeleton\skeleton\skeleton.cpp(266): warning C4996: 'sprintf': This function or variable may be unsafe. Consider using sprintf_s instead. To disable deprecation, use _CRT_SECURE_NO_WARNINGS. See online help for details.
  c:\program files (x86)\windows kits\10\include\10.0.10240.0\ucrt\stdio.h(1769): note: see declaration of 'sprintf'
e:\bme\grafika\programs\skeleton\skeleton\skeleton.cpp(330): warning C4018: '<': signed/unsigned mismatch
e:\bme\grafika\programs\skeleton\skeleton\skeleton.cpp(396): warning C4244: 'initializing': conversion from 'double' to 'float', possible loss of data
e:\bme\grafika\programs\skeleton\skeleton\skeleton.cpp(397): warning C4244: 'initializing': conversion from 'double' to 'float', possible loss of data
e:\bme\grafika\programs\skeleton\skeleton\skeleton.cpp(412): warning C4305: 'initializing': truncation from 'double' to 'const float'
e:\bme\grafika\programs\skeleton\skeleton\skeleton.cpp(422): warning C4244: 'argument': conversion from 'double' to 'float', possible loss of data
e:\bme\grafika\programs\skeleton\skeleton\skeleton.cpp(429): warning C4244: 'argument': conversion from 'double' to 'float', possible loss of data
e:\bme\grafika\programs\skeleton\skeleton\skeleton.cpp(429): warning C4244: 'initializing': conversion from 'double' to 'float', possible loss of data
e:\bme\grafika\programs\skeleton\skeleton\skeleton.cpp(443): warning C4244: 'initializing': conversion from 'double' to 'float', possible loss of data
e:\bme\grafika\programs\skeleton\skeleton\skeleton.cpp(444): warning C4244: 'initializing': conversion from 'double' to 'float', possible loss of data
e:\bme\grafika\programs\skeleton\skeleton\skeleton.cpp(463): warning C4244: 'argument': conversion from 'double' to 'float', possible loss of data
e:\bme\grafika\programs\skeleton\skeleton\skeleton.cpp(510): warning C4244: '=': conversion from 'double' to 'float', possible loss of data
e:\bme\grafika\programs\skeleton\skeleton\skeleton.cpp(517): warning C4244: '=': conversion from 'double' to 'float', possible loss of data
e:\bme\grafika\programs\skeleton\skeleton\skeleton.cpp(519): warning C4244: 'argument': conversion from 'double' to 'float', possible loss of data
e:\bme\grafika\programs\skeleton\skeleton\skeleton.cpp(520): warning C4244: 'argument': conversion from 'double' to 'float', possible loss of data
e:\bme\grafika\programs\skeleton\skeleton\skeleton.cpp(521): warning C4244: 'argument': conversion from 'double' to 'float', possible loss of data
e:\bme\grafika\programs\skeleton\skeleton\skeleton.cpp(522): warning C4244: 'argument': conversion from 'double' to 'float', possible loss of data
e:\bme\grafika\programs\skeleton\skeleton\skeleton.cpp(572): warning C4305: 'argument': truncation from 'double' to 'float'
e:\bme\grafika\programs\skeleton\skeleton\skeleton.cpp(579): warning C4305: 'argument': truncation from 'double' to 'float'
e:\bme\grafika\programs\skeleton\skeleton\skeleton.cpp(586): warning C4305: 'argument': truncation from 'double' to 'float'
e:\bme\grafika\programs\skeleton\skeleton\skeleton.cpp(634): warning C4305: 'argument': truncation from 'double' to 'float'
e:\bme\grafika\programs\skeleton\skeleton\skeleton.cpp(638): warning C4305: 'argument': truncation from 'double' to 'float'
e:\bme\grafika\programs\skeleton\skeleton\skeleton.cpp(642): warning C4305: 'argument': truncation from 'double' to 'float'
e:\bme\grafika\programs\skeleton\skeleton\skeleton.cpp(657): warning C4018: '<': signed/unsigned mismatch
e:\bme\grafika\programs\skeleton\skeleton\skeleton.cpp(722): warning C4305: 'initializing': truncation from 'double' to 'float'
  Skeleton.vcxproj -> E:\BME\Grafika\Programs\Skeleton\bin\Skeleton.exe
  Skeleton.vcxproj -> E:\BME\Grafika\Programs\Skeleton\bin\Skeleton.pdb (Full PDB)
